[2023-02-20T17:40:55.993] [ERROR] default - error al cargar el archivo TypeError [ERR_INVALID_CALLBACK]: Callback must be a function. Received 'utf-8'
[2023-02-20T17:48:15.891] [ERROR] default - error al cargar el archivo SyntaxError: Unexpected token u in JSON at position 0
[2023-02-20T17:50:24.327] [ERROR] default - error al cargar el archivo SyntaxError: Unexpected token u in JSON at position 0
[2023-02-20T17:51:51.794] [ERROR] default - error al cargar el archivo TypeError [ERR_INVALID_CALLBACK]: Callback must be a function. Received 'utf-8'
[2023-02-20T17:53:20.074] [ERROR] default - error al cargar el archivo SyntaxError: Unexpected token u in JSON at position 0
[2023-02-20T18:25:57.043] [ERROR] default - error al cargar el archivo SyntaxError: Unexpected token u in JSON at position 0
[2023-02-20T18:25:57.047] [ERROR] default - error al cargar el archivo SyntaxError: Unexpected token u in JSON at position 0
[2023-02-20T18:25:57.048] [ERROR] default - error al cargar el archivo TypeError: Cannot read properties of undefined (reading 'find')
[2023-02-20T18:25:57.048] [ERROR] default - error al cargar el archivo SyntaxError: Unexpected token u in JSON at position 0
[2023-02-20T18:25:57.049] [ERROR] default - error al cargar el archivo SyntaxError: Unexpected token u in JSON at position 0
[2023-02-20T18:25:57.049] [ERROR] default - error al cargar el archivo TypeError: Cannot read properties of undefined (reading 'find')
[2023-02-20T18:25:57.049] [ERROR] default - error al cargar el archivo SyntaxError: Unexpected token u in JSON at position 0
[2023-02-20T18:27:09.866] [ERROR] default - error al cargar el archivo SyntaxError: Unexpected token u in JSON at position 0
[2023-02-20T18:27:09.871] [ERROR] default - error al cargar el archivo SyntaxError: Unexpected token u in JSON at position 0
[2023-02-20T18:27:09.871] [ERROR] default - error al cargar el archivo TypeError: Cannot read properties of undefined (reading 'find')
[2023-02-20T18:27:09.871] [ERROR] default - error al cargar el archivo SyntaxError: Unexpected token u in JSON at position 0
[2023-02-20T18:27:09.872] [ERROR] default - error al cargar el archivo SyntaxError: Unexpected token u in JSON at position 0
[2023-02-20T18:27:09.872] [ERROR] default - error al cargar el archivo TypeError: Cannot read properties of undefined (reading 'find')
[2023-02-20T18:27:09.872] [ERROR] default - error al cargar el archivo SyntaxError: Unexpected token u in JSON at position 0
[2023-02-20T18:29:30.686] [ERROR] default - error al cargar el archivo SyntaxError: Unexpected token u in JSON at position 0
[2023-02-20T18:29:30.691] [ERROR] default - error al cargar el archivo SyntaxError: Unexpected token u in JSON at position 0
[2023-02-20T18:29:30.691] [ERROR] default - error al cargar el archivo TypeError: Cannot read properties of undefined (reading 'find')
[2023-02-20T18:29:30.691] [ERROR] default - error al cargar el archivo SyntaxError: Unexpected token u in JSON at position 0
[2023-02-20T18:29:30.692] [ERROR] default - error al cargar el archivo SyntaxError: Unexpected token u in JSON at position 0
[2023-02-20T18:29:30.692] [ERROR] default - error al cargar el archivo TypeError: Cannot read properties of undefined (reading 'find')
[2023-02-20T18:29:30.692] [ERROR] default - error al cargar el archivo SyntaxError: Unexpected token u in JSON at position 0
[2023-02-20T18:50:22.748] [ERROR] default - error al cargar el archivo SyntaxError: Unexpected token u in JSON at position 0
[2023-02-20T18:50:22.753] [ERROR] default - error al cargar el archivo SyntaxError: Unexpected token u in JSON at position 0
[2023-02-20T18:50:22.753] [ERROR] default - error al cargar el archivo SyntaxError: Unexpected token u in JSON at position 0
[2023-02-20T18:51:14.001] [ERROR] default - error al cargar el archivo SyntaxError: Unexpected token u in JSON at position 0
[2023-02-20T18:51:14.005] [ERROR] default - error al cargar el archivo SyntaxError: Unexpected token u in JSON at position 0
[2023-02-20T18:51:14.005] [ERROR] default - error al cargar el archivo SyntaxError: Unexpected token u in JSON at position 0
[2023-02-20T18:51:37.157] [ERROR] default - error al cargar el archivo SyntaxError: Unexpected token u in JSON at position 0
[2023-02-20T18:51:37.161] [ERROR] default - error al cargar el archivo SyntaxError: Unexpected token u in JSON at position 0
[2023-02-20T18:51:37.161] [ERROR] default - error al cargar el archivo SyntaxError: Unexpected token u in JSON at position 0
[2023-02-20T18:53:23.386] [ERROR] default - error al cargar el archivo SyntaxError: Unexpected token u in JSON at position 0
[2023-02-20T18:53:23.390] [ERROR] default - error al cargar el archivo SyntaxError: Unexpected token u in JSON at position 0
[2023-02-20T18:53:23.390] [ERROR] default - error al cargar el archivo SyntaxError: Unexpected token u in JSON at position 0
[2023-02-20T18:54:09.973] [ERROR] default - error al cargar el archivo SyntaxError: Unexpected token u in JSON at position 0
[2023-02-20T18:54:09.977] [ERROR] default - error al cargar el archivo SyntaxError: Unexpected token u in JSON at position 0
[2023-02-20T18:54:09.977] [ERROR] default - error al cargar el archivo SyntaxError: Unexpected token u in JSON at position 0
[2023-02-20T18:54:55.310] [ERROR] default - error al cargar el archivo TypeError [ERR_INVALID_CALLBACK]: Callback must be a function. Received 'utf-8'
[2023-02-20T18:54:55.315] [ERROR] default - error al cargar el archivo TypeError [ERR_INVALID_CALLBACK]: Callback must be a function. Received 'utf-8'
[2023-02-20T18:54:55.315] [ERROR] default - error al cargar el archivo TypeError [ERR_INVALID_CALLBACK]: Callback must be a function. Received 'utf-8'
[2023-02-20T19:03:13.806] [ERROR] default - error al cargar el archivo SyntaxError: Unexpected token u in JSON at position 0
[2023-02-20T19:03:13.810] [ERROR] default - error al cargar el archivo SyntaxError: Unexpected token u in JSON at position 0
[2023-02-20T19:03:13.810] [ERROR] default - error al cargar el archivo SyntaxError: Unexpected token u in JSON at position 0
[2023-02-20T19:04:03.571] [ERROR] default - error al cargar el archivo SyntaxError: Unexpected token u in JSON at position 0
[2023-02-20T19:04:03.576] [ERROR] default - error al cargar el archivo SyntaxError: Unexpected token u in JSON at position 0
[2023-02-20T19:04:03.576] [ERROR] default - error al cargar el archivo SyntaxError: Unexpected token u in JSON at position 0
[2023-02-20T19:04:13.829] [ERROR] default - error al cargar el archivo SyntaxError: Unexpected token u in JSON at position 0
[2023-02-20T19:04:13.832] [ERROR] default - error al cargar el archivo SyntaxError: Unexpected token u in JSON at position 0
[2023-02-20T19:04:13.833] [ERROR] default - error al cargar el archivo SyntaxError: Unexpected token u in JSON at position 0
[2023-02-20T19:04:46.603] [ERROR] default - error al cargar el archivo SyntaxError: Unexpected token u in JSON at position 0
[2023-02-20T19:04:46.607] [ERROR] default - error al cargar el archivo SyntaxError: Unexpected token u in JSON at position 0
[2023-02-20T19:04:46.608] [ERROR] default - error al cargar el archivo SyntaxError: Unexpected token u in JSON at position 0
[2023-02-20T19:49:10.362] [ERROR] default - error al cargar el archivo SyntaxError: Unexpected end of JSON input
[2023-02-20T19:49:10.363] [ERROR] default - error al cargar el archivo SyntaxError: Unexpected end of JSON input
[2023-02-20T19:49:10.363] [ERROR] default - error al cargar el archivo TypeError: Cannot read properties of undefined (reading 'find')
[2023-02-20T19:56:35.484] [ERROR] default - error al crear un carrito TypeError: Cannot read properties of undefined (reading 'id')
[2023-02-20T19:57:48.371] [ERROR] default - error al cargar el archivo SyntaxError: Unexpected end of JSON input
[2023-02-20T19:57:48.372] [ERROR] default - error al cargar el archivo SyntaxError: Unexpected end of JSON input
[2023-02-20T19:57:48.373] [ERROR] default - error al cargar el archivo TypeError: Cannot read properties of undefined (reading 'find')
[2023-02-20T20:00:32.951] [ERROR] default - error al cargar el archivo SyntaxError: Unexpected end of JSON input
[2023-02-20T20:00:32.952] [ERROR] default - error al cargar el archivo SyntaxError: Unexpected end of JSON input
[2023-02-20T20:00:32.952] [ERROR] default - error al cargar el archivo TypeError: Cannot read properties of undefined (reading 'find')
[2023-02-21T17:11:19.114] [ERROR] default - error al cargar el archivo SyntaxError: Unexpected end of JSON input
[2023-02-21T17:44:09.671] [ERROR] default - error de lectura Error: ENOENT: no such file or directory, open 'products.txt'
[2023-02-21T17:44:51.504] [ERROR] default - error de lectura Error: ENOENT: no such file or directory, open 'products.json'
[2023-02-21T17:46:06.691] [ERROR] default - error de lectura TypeError: Cannot read properties of undefined (reading 'push')
[2023-02-21T17:47:49.670] [ERROR] default - error de lectura TypeError: Cannot read properties of undefined (reading 'push')
[2023-02-21T17:48:23.209] [ERROR] default - error de lectura TypeError: Cannot read properties of undefined (reading 'push')
[2023-02-21T17:52:25.341] [ERROR] default - error de lectura ReferenceError: products is not defined
[2023-02-21T17:52:56.453] [ERROR] default - error de lectura ReferenceError: arrayFiltrado is not defined
[2023-02-21T17:57:52.560] [ERROR] default - error al cargar el archivo:TypeError: carts.find is not a function
[2023-02-21T17:57:52.562] [ERROR] default - error de lectura ReferenceError: productArray is not defined
[2023-02-21T17:58:13.395] [ERROR] default - error al cargar el archivo:TypeError: carts.find is not a function
[2023-02-21T17:58:13.397] [ERROR] default - error de lectura TypeError: Cannot read properties of undefined (reading 'products')
[2023-02-21T17:59:30.835] [ERROR] default - error al cargar el archivo:TypeError: carts.find is not a function
[2023-02-21T17:59:30.837] [ERROR] default - error de lectura TypeError: Cannot read properties of undefined (reading 'products')
[2023-02-21T18:00:36.619] [ERROR] default - error al crear un carrito TypeError: carts.push is not a function
[2023-02-21T18:04:06.872] [ERROR] default - error al cargar el archivo:TypeError: carts.find is not a function
[2023-02-21T18:04:06.873] [ERROR] default - error de lectura TypeError: Cannot read properties of undefined (reading 'products')
[2023-02-21T18:04:31.733] [ERROR] default - error al cargar el archivo:TypeError: carts.find is not a function
[2023-02-21T18:04:31.734] [ERROR] default - error de lectura TypeError: Cannot read properties of undefined (reading 'products')
[2023-02-21T18:04:51.565] [ERROR] default - error al cargar el archivo:TypeError: carts.find is not a function
[2023-02-21T18:04:51.566] [ERROR] default - error de lectura TypeError: Cannot read properties of undefined (reading 'products')
[2023-02-21T18:10:00.449] [ERROR] default - error de lectura ReferenceError: cart is not defined
